<?xml version="1.0" encoding="UTF-8"?>
<!-- Generated by org.testng.reporters.JUnitXMLReporter -->
<testsuite hostname="DESKTOP-I838HQ9" ignored="0" name="Test" tests="4" failures="1" timestamp="2020-08-06T15:16:20 IST" time="5.388" errors="0">
  <testcase name="validareResponseBodyWithInvalidData" time="2.488" classname="com.ig.test.ApiTest">
    <failure type="java.lang.AssertionError" message="expected [ABC Infotech] but found [IG Infotech]">
      <![CDATA[java.lang.AssertionError: expected [ABC Infotech] but found [IG Infotech]
at com.ig.test.ApiTest.validareResponseBodyWithInvalidData(ApiTest.java:47)
at java.util.ArrayList.forEach(ArrayList.java:1257)
... Removed 32 stack frames]]>
    </failure>
  </testcase> <!-- validareResponseBodyWithInvalidData -->
  <testcase name="validateResponseBody" time="1.135" classname="com.ig.test.ApiTest"/>
  <testcase name="validateResponseHeader" time="0.601" classname="com.ig.test.ApiTest"/>
  <testcase name="validateStatusCode" time="0.81" classname="com.ig.test.ApiTest"/>
</testsuite> <!-- Test -->
